<?xml version="1.0" encoding="utf-8"?>
<beans xmlns="http://www.springframework.org/schema/beans"
	xmlns:xsi="http://www.w3.org/2001/XMLSchema-instance" 
	xmlns:p="http://www.springframework.org/schema/p" 
	xmlns:aop="http://www.springframework.org/schema/aop" xmlns:tx="http://www.springframework.org/schema/tx"
	xmlns:jee="http://www.springframework.org/schema/jee"
	xmlns:util="http://www.springframework.org/schema/util"
	xsi:schemaLocation="
            http://www.springframework.org/schema/beans http://www.springframework.org/schema/beans/spring-beans-3.0.xsd
            http://www.springframework.org/schema/aop http://www.springframework.org/schema/aop/spring-aop-3.0.xsd
            http://www.springframework.org/schema/tx http://www.springframework.org/schema/tx/spring-tx-3.0.xsd
            http://www.springframework.org/schema/jee http://www.springframework.org/schema/jee/spring-jee-3.0.xsd
            http://www.springframework.org/schema/util http://www.springframework.org/schema/util/spring-util-3.0.xsd">

	
	<!-- ========================= Repositories ========================= -->
	
	<bean id="metadataRepository" class="com.netflexity.bam.business.repository.impl.JpaMetadataRepository" autowire="byName"/>
	<bean id="transactionProcessorRepository" class="com.netflexity.bam.business.repository.impl.JpaTransactionProcessorRepository" autowire="byName"/>
	<bean id="userManagementRepository" class="com.netflexity.bam.business.repository.impl.JpaUserManagementRepository" autowire="byName"/>
		
</beans>













