<?xml version="1.0" encoding="utf-8"?>
<beans xmlns="http://www.springframework.org/schema/beans"
	xmlns:xsi="http://www.w3.org/2001/XMLSchema-instance" 
	xmlns:p="http://www.springframework.org/schema/p" 
	xmlns:aop="http://www.springframework.org/schema/aop" xmlns:tx="http://www.springframework.org/schema/tx"
	xmlns:jee="http://www.springframework.org/schema/jee"
	xmlns:util="http://www.springframework.org/schema/util"
	xmlns:oxm="http://www.springframework.org/schema/oxm"
	xsi:schemaLocation="
            http://www.springframework.org/schema/beans http://www.springframework.org/schema/beans/spring-beans-3.0.xsd
            http://www.springframework.org/schema/aop http://www.springframework.org/schema/aop/spring-aop-3.0.xsd
            http://www.springframework.org/schema/tx http://www.springframework.org/schema/tx/spring-tx-3.0.xsd
            http://www.springframework.org/schema/jee http://www.springframework.org/schema/jee/spring-jee-3.0.xsd
            http://www.springframework.org/schema/util http://www.springframework.org/schema/util/spring-util-3.0.xsd
            http://www.springframework.org/schema/oxm http://www.springframework.org/schema/oxm/spring-oxm-3.0.xsd">

    <!--import resource="classpath:bam-monitor-integration.xml"/-->


    <bean id="updateListener" class="com.netflexity.bam.monitor.esper.listener.ConsoleListener"></bean>

    <bean id="statementLoader" class="com.netflexity.bam.monitor.esper.statement.DummyStatementLoaderImpl">
        <property name="statementBeans">
            <list>
                <bean class="com.netflexity.bam.monitor.esper.statement.StatementBean">
                    <constructor-arg value="@Description('Unfinished transaction') select * from pattern [every a = com.netflexity.bam.monitor.esper.event.BamEvent(stageTypeCode = 'START') -> (timer:interval(10 sec) and not b = com.netflexity.bam.monitor.esper.event.BamEvent(stageTypeCode = 'END' and a.transactionUuid = b.transactionUuid))]"/>
                </bean>
                <bean class="com.netflexity.bam.monitor.esper.statement.StatementBean">
                    <constructor-arg value="@Description('Too long stage execution') select a.transactionUuid, a.processName, a.stageTypeCode from pattern [every a = com.netflexity.bam.monitor.esper.event.BamEvent -> b = com.netflexity.bam.monitor.esper.event.BamEvent(b.transactionDate - a.transactionDate > 9000 and a.transactionUuid = b.transactionUuid)]"/>
                </bean>
            </list>
        </property>
    </bean>

    <bean id="esperBean" class="com.netflexity.bam.monitor.esper.EsperBean" init-method="init" destroy-method="destroy">
        <property name="listeners">
            <list>
                <ref bean="updateListener" />
            </list>
        </property>
    </bean>
	
    <!--bean id="generatorCore" class="com.netflexity.bam.monitor.generator.GeneratorCore" init-method="init" destroy-method="destroy">
        <property name="messageSender" ref="messageSender" />
        <property name="marshaller" ref="jaxb2Marshaller" />
    </bean-->

    <!--amq:broker id="broker" useJmx="false" persistent="false">
        <amq:transportConnectors>
            <amq:transportConnector uri="vm://localhost" />
        </amq:transportConnectors>
    </amq:broker-->


    <!--amq:connectionFactory id="connectionFactory" brokerURL="vm://localhost" /-->

    <!--amq:queue id="testQueue" physicalName="bam.test" /-->

    <!--bean id="testJmsTemplate" class="org.springframework.jms.core.JmsTemplate">
        <property name="connectionFactory" ref="connectionFactory" />
        <property name="defaultDestination" ref="testQueue" />
    </bean-->

    <!--bean id="messageSender" class="com.netflexity.bam.monitor.generator.jms.MessageSender">
        <property name="jmsTemplate" ref="testJmsTemplate" />
        <property name="destination" ref="testQueue" />
    </bean-->

    <!--bean id="jaxb2Marshaller" class="org.springframework.oxm.jaxb.Jaxb2Marshaller">
        <property name="classesToBeBound">
            <list>
                <value>netflexity.schema.software.bam.messages._1.ProcessTransactionTracking</value>
            </list>
        </property>
        <property name="schema" value="classpath:bam-messages-1.0.xsd"/>
    </bean-->

</beans>